# JRE version: Java(TM) SE Runtime Environment (17.0.6+9) (build 17.0.6+9-LTS-190)
# Java VM: Java HotSpot(TM) 64-Bit Server VM (17.0.6+9-LTS-190, mixed mode, sharing, tiered, compressed oops, compressed class ptrs, g1 gc, windows-amd64)
GC Precious Log:
 CPUs: 8 total, 8 available
 Memory: 7991M
 Large Page Support: Disabled
 NUMA Support: Disabled
 Compressed Oops: Enabled (32-bit)
 Heap Region Size: 1M
 Heap Min Capacity: 8M
 Heap Initial Capacity: 126M
 Heap Max Capacity: 1998M
 Pre-touch: Disabled
 Parallel Workers: 8
 Concurrent Workers: 2
 Concurrent Refinement Workers: 8
 Periodic GC: Disabled
Heap:
 garbage-first heap   total 129024K, used 31060K [0x0000000083200000, 0x0000000100000000)
  region size 1024K, 7 young (7168K), 4 survivors (4096K)
 Metaspace       used 14521K, committed 14720K, reserved 1064960K
  class space    used 1077K, committed 1152K, reserved 1048576K
GC Heap History (8 events):
Event: 4.347 GC heap before
{Heap before GC invocations=0 (full 0):
 garbage-first heap   total 129024K, used 25600K [0x0000000083200000, 0x0000000100000000)
  region size 1024K, 23 young (23552K), 0 survivors (0K)
 Metaspace       used 11241K, committed 11456K, reserved 1064960K
  class space    used 813K, committed 896K, reserved 1048576K
}
Event: 4.380 GC heap after
{Heap after GC invocations=1 (full 0):
 garbage-first heap   total 129024K, used 2730K [0x0000000083200000, 0x0000000100000000)
  region size 1024K, 3 young (3072K), 3 survivors (3072K)
 Metaspace       used 11241K, committed 11456K, reserved 1064960K
  class space    used 813K, committed 896K, reserved 1048576K
}
Event: 16.468 GC heap before
{Heap before GC invocations=1 (full 0):
 garbage-first heap   total 129024K, used 88746K [0x0000000083200000, 0x0000000100000000)
  region size 1024K, 33 young (33792K), 3 survivors (3072K)
 Metaspace       used 14242K, committed 14400K, reserved 1064960K
  class space    used 1073K, committed 1152K, reserved 1048576K
}
Event: 16.482 GC heap after
{Heap after GC invocations=2 (full 0):
 garbage-first heap   total 129024K, used 24971K [0x0000000083200000, 0x0000000100000000)
  region size 1024K, 4 young (4096K), 4 survivors (4096K)
 Metaspace       used 14242K, committed 14400K, reserved 1064960K
  class space    used 1073K, committed 1152K, reserved 1048576K
}
Event: 22.589 GC heap before
{Heap before GC invocations=2 (full 0):
 garbage-first heap   total 129024K, used 66955K [0x0000000083200000, 0x0000000100000000)
  region size 1024K, 10 young (10240K), 4 survivors (4096K)
 Metaspace       used 14468K, committed 14656K, reserved 1064960K
  class space    used 1073K, committed 1152K, reserved 1048576K
}
Event: 22.606 GC heap after
{Heap after GC invocations=3 (full 0):
 garbage-first heap   total 129024K, used 24720K [0x0000000083200000, 0x0000000100000000)
  region size 1024K, 4 young (4096K), 4 survivors (4096K)
 Metaspace       used 14468K, committed 14656K, reserved 1064960K
  class space    used 1073K, committed 1152K, reserved 1048576K
}
Event: 28.545 GC heap before
{Heap before GC invocations=3 (full 0):
 garbage-first heap   total 129024K, used 65680K [0x0000000083200000, 0x0000000100000000)
  region size 1024K, 9 young (9216K), 4 survivors (4096K)
 Metaspace       used 14476K, committed 14656K, reserved 1064960K
  class space    used 1073K, committed 1152K, reserved 1048576K
}
Event: 28.553 GC heap after
{Heap after GC invocations=4 (full 0):
 garbage-first heap   total 129024K, used 24916K [0x0000000083200000, 0x0000000100000000)
  region size 1024K, 4 young (4096K), 4 survivors (4096K)
 Metaspace       used 14476K, committed 14656K, reserved 1064960K
  class space    used 1073K, committed 1152K, reserved 1048576K
}

