# JRE version: Java(TM) SE Runtime Environment (17.0.6+9) (build 17.0.6+9-LTS-190)
# Java VM: Java HotSpot(TM) 64-Bit Server VM (17.0.6+9-LTS-190, mixed mode, sharing, tiered, compressed oops, compressed class ptrs, g1 gc, windows-amd64)
GC Precious Log:
 CPUs: 8 total, 8 available
 Memory: 7991M
 Large Page Support: Disabled
 NUMA Support: Disabled
 Compressed Oops: Enabled (32-bit)
 Heap Region Size: 1M
 Heap Min Capacity: 8M
 Heap Initial Capacity: 126M
 Heap Max Capacity: 1998M
 Pre-touch: Disabled
 Parallel Workers: 8
 Concurrent Workers: 2
 Concurrent Refinement Workers: 8
 Periodic GC: Disabled
Heap:
 garbage-first heap   total 129024K, used 29293K [0x0000000083200000, 0x0000000100000000)
  region size 1024K, 13 young (13312K), 5 survivors (5120K)
 Metaspace       used 14532K, committed 14720K, reserved 1064960K
  class space    used 1077K, committed 1152K, reserved 1048576K
GC Heap History (6 events):
Event: 2.871 GC heap before
{Heap before GC invocations=0 (full 0):
 garbage-first heap   total 129024K, used 25600K [0x0000000083200000, 0x0000000100000000)
  region size 1024K, 23 young (23552K), 0 survivors (0K)
 Metaspace       used 11242K, committed 11456K, reserved 1064960K
  class space    used 812K, committed 896K, reserved 1048576K
}
Event: 2.890 GC heap after
{Heap after GC invocations=1 (full 0):
 garbage-first heap   total 129024K, used 2738K [0x0000000083200000, 0x0000000100000000)
  region size 1024K, 3 young (3072K), 3 survivors (3072K)
 Metaspace       used 11242K, committed 11456K, reserved 1064960K
  class space    used 812K, committed 896K, reserved 1048576K
}
Event: 12.603 GC heap before
{Heap before GC invocations=1 (full 0):
 garbage-first heap   total 129024K, used 63154K [0x0000000083200000, 0x0000000100000000)
  region size 1024K, 36 young (36864K), 3 survivors (3072K)
 Metaspace       used 14331K, committed 14464K, reserved 1064960K
  class space    used 1073K, committed 1152K, reserved 1048576K
}
Event: 12.621 GC heap after
{Heap after GC invocations=2 (full 0):
 garbage-first heap   total 129024K, used 21690K [0x0000000083200000, 0x0000000100000000)
  region size 1024K, 4 young (4096K), 4 survivors (4096K)
 Metaspace       used 14331K, committed 14464K, reserved 1064960K
  class space    used 1073K, committed 1152K, reserved 1048576K
}
Event: 22.147 GC heap before
{Heap before GC invocations=2 (full 0):
 garbage-first heap   total 129024K, used 93370K [0x0000000083200000, 0x0000000100000000)
  region size 1024K, 75 young (76800K), 4 survivors (4096K)
 Metaspace       used 14473K, committed 14656K, reserved 1064960K
  class space    used 1073K, committed 1152K, reserved 1048576K
}
Event: 22.196 GC heap after
{Heap after GC invocations=3 (full 0):
 garbage-first heap   total 129024K, used 22125K [0x0000000083200000, 0x0000000100000000)
  region size 1024K, 5 young (5120K), 5 survivors (5120K)
 Metaspace       used 14473K, committed 14656K, reserved 1064960K
  class space    used 1073K, committed 1152K, reserved 1048576K
}

